2022-06-27 12:37:22.035  INFO 44523 --- [main] c.e.s.ShareFeKhairApplication            : Starting ShareFeKhairApplication using Java 18.0.1.1 on Salahs-MacBook-Air.local with PID 44523 (/Users/salahalsalman/Documents/GitHub/ShareFeKhair/target/classes started by salahalsalman in /Users/salahalsalman/Documents/GitHub/ShareFeKhair)
2022-06-27 12:37:22.042  INFO 44523 --- [main] c.e.s.ShareFeKhairApplication            : No active profile set, falling back to 1 default profile: "default"
2022-06-27 12:37:26.990  INFO 44523 --- [main] c.e.s.ShareFeKhairApplication            : Started ShareFeKhairApplication in 5.648 seconds (JVM running for 6.65)
2022-06-27 13:29:14.750 ERROR 44523 --- [http-nio-8080-exec-1] c.e.s.advice.MyAuthenticationEntryPoint  : 
HttpServletResponse.SC_UNAUTHORIZED, Authentication Failed
 {exception=Full authentication is required to access this resource, timestamp=Mon Jun 27 13:29:14 AST 2022}
2022-06-27 13:29:17.232 ERROR 44523 --- [http-nio-8080-exec-3] c.e.s.advice.MyAuthenticationEntryPoint  : 
HttpServletResponse.SC_UNAUTHORIZED, Authentication Failed
 {exception=Full authentication is required to access this resource, timestamp=Mon Jun 27 13:29:17 AST 2022}
2022-06-27 13:54:30.901  INFO 48630 --- [main] c.e.s.ShareFeKhairApplication            : Starting ShareFeKhairApplication using Java 18.0.1.1 on Salahs-MacBook-Air.local with PID 48630 (/Users/salahalsalman/Documents/GitHub/ShareFeKhair/target/classes started by salahalsalman in /Users/salahalsalman/Documents/GitHub/ShareFeKhair)
2022-06-27 13:54:30.904  INFO 48630 --- [main] c.e.s.ShareFeKhairApplication            : No active profile set, falling back to 1 default profile: "default"
2022-06-27 13:54:35.791  INFO 48630 --- [main] c.e.s.ShareFeKhairApplication            : Started ShareFeKhairApplication in 5.335 seconds (JVM running for 6.224)
2022-06-27 13:54:55.742  WARN 48630 --- [http-nio-8080-exec-3] c.e.s.advice.ControllerAdviceHandler     : MethodArgumentNotValidException => provoked!
role must be (student|teacher)
2022-06-27 14:25:33.922 ERROR 48630 --- [http-nio-8080-exec-8] c.e.s.advice.MyAuthenticationEntryPoint  : 
HttpServletResponse.SC_UNAUTHORIZED, Authentication Failed
 {exception=Full authentication is required to access this resource, timestamp=Mon Jun 27 14:25:33 AST 2022}
2022-06-27 14:25:34.547 ERROR 48630 --- [http-nio-8080-exec-10] c.e.s.advice.MyAuthenticationEntryPoint  : 
HttpServletResponse.SC_UNAUTHORIZED, Authentication Failed
 {exception=Full authentication is required to access this resource, timestamp=Mon Jun 27 14:25:34 AST 2022}
2022-06-27 14:25:34.594 ERROR 48630 --- [http-nio-8080-exec-9] c.e.s.advice.MyAuthenticationEntryPoint  : 
HttpServletResponse.SC_UNAUTHORIZED, Authentication Failed
 {exception=Full authentication is required to access this resource, timestamp=Mon Jun 27 14:25:34 AST 2022}
2022-06-27 14:26:34.086 ERROR 48630 --- [http-nio-8080-exec-1] c.e.s.advice.MyAuthenticationEntryPoint  : 
HttpServletResponse.SC_UNAUTHORIZED, Authentication Failed
 {exception=Full authentication is required to access this resource, timestamp=Mon Jun 27 14:26:34 AST 2022}
2022-06-27 14:30:26.477 ERROR 48630 --- [http-nio-8080-exec-3] c.e.s.advice.MyAuthenticationEntryPoint  : 
HttpServletResponse.SC_UNAUTHORIZED, Authentication Failed
 {exception=Full authentication is required to access this resource, timestamp=Mon Jun 27 14:30:26 AST 2022}
2022-06-27 14:30:26.737 ERROR 48630 --- [http-nio-8080-exec-2] c.e.s.advice.MyAuthenticationEntryPoint  : 
HttpServletResponse.SC_UNAUTHORIZED, Authentication Failed
 {exception=Full authentication is required to access this resource, timestamp=Mon Jun 27 14:30:26 AST 2022}
2022-06-27 14:30:26.796 ERROR 48630 --- [http-nio-8080-exec-4] c.e.s.advice.MyAuthenticationEntryPoint  : 
HttpServletResponse.SC_UNAUTHORIZED, Authentication Failed
 {exception=Full authentication is required to access this resource, timestamp=Mon Jun 27 14:30:26 AST 2022}
2022-06-27 14:30:48.301 ERROR 48630 --- [http-nio-8080-exec-6] c.e.s.advice.MyAuthenticationEntryPoint  : 
HttpServletResponse.SC_UNAUTHORIZED, Authentication Failed
 {exception=Full authentication is required to access this resource, timestamp=Mon Jun 27 14:30:48 AST 2022}
2022-06-27 14:31:45.700 ERROR 48630 --- [http-nio-8080-exec-7] c.e.s.advice.MyAuthenticationEntryPoint  : 
HttpServletResponse.SC_UNAUTHORIZED, Authentication Failed
 {exception=Full authentication is required to access this resource, timestamp=Mon Jun 27 14:31:45 AST 2022}
2022-06-27 14:31:45.789 ERROR 48630 --- [http-nio-8080-exec-8] c.e.s.advice.MyAuthenticationEntryPoint  : 
HttpServletResponse.SC_UNAUTHORIZED, Authentication Failed
 {exception=Full authentication is required to access this resource, timestamp=Mon Jun 27 14:31:45 AST 2022}
2022-06-27 14:31:45.825 ERROR 48630 --- [http-nio-8080-exec-10] c.e.s.advice.MyAuthenticationEntryPoint  : 
HttpServletResponse.SC_UNAUTHORIZED, Authentication Failed
 {exception=Full authentication is required to access this resource, timestamp=Mon Jun 27 14:31:45 AST 2022}
2022-06-27 14:31:54.599 ERROR 48630 --- [http-nio-8080-exec-9] o.h.engine.jdbc.spi.SqlExceptionHelper   : Duplicate entry 'omar' for key 'user.UK_sb8bbouer5wak8vyiiy4pf2bx'
2022-06-27 14:31:54.890  WARN 48630 --- [http-nio-8080-exec-9] c.e.s.advice.ControllerAdviceHandler     : DataIntegrityViolationException => provoked!
java.sql.SQLIntegrityConstraintViolationException: Duplicate entry 'omar' for key 'user.UK_sb8bbouer5wak8vyiiy4pf2bx'
2022-06-27 14:32:24.591 ERROR 48630 --- [http-nio-8080-exec-3] o.h.engine.jdbc.spi.SqlExceptionHelper   : Duplicate entry 'omar2' for key 'user.UK_sb8bbouer5wak8vyiiy4pf2bx'
2022-06-27 14:32:24.600  WARN 48630 --- [http-nio-8080-exec-3] c.e.s.advice.ControllerAdviceHandler     : DataIntegrityViolationException => provoked!
java.sql.SQLIntegrityConstraintViolationException: Duplicate entry 'omar2' for key 'user.UK_sb8bbouer5wak8vyiiy4pf2bx'
2022-06-27 14:33:05.413  WARN 48630 --- [http-nio-8080-exec-2] c.e.s.advice.ControllerAdviceHandler     : MethodArgumentNotValidException => provoked!
email must be valid
2022-06-27 14:33:26.032  WARN 48630 --- [http-nio-8080-exec-4] c.e.s.advice.ControllerAdviceHandler     : MethodArgumentNotValidException => provoked!
email must be valid
2022-06-27 14:33:38.130  WARN 48630 --- [http-nio-8080-exec-5] c.e.s.advice.ControllerAdviceHandler     : MethodArgumentNotValidException => provoked!
email must be valid
2022-06-27 14:39:54.249 ERROR 48630 --- [http-nio-8080-exec-5] c.e.s.advice.MyAuthenticationEntryPoint  : 
HttpServletResponse.SC_UNAUTHORIZED, Authentication Failed
 {exception=Full authentication is required to access this resource, timestamp=Mon Jun 27 14:39:54 AST 2022}
2022-06-27 14:39:54.762 ERROR 48630 --- [http-nio-8080-exec-6] c.e.s.advice.MyAuthenticationEntryPoint  : 
HttpServletResponse.SC_UNAUTHORIZED, Authentication Failed
 {exception=Full authentication is required to access this resource, timestamp=Mon Jun 27 14:39:54 AST 2022}
2022-06-27 14:39:54.803 ERROR 48630 --- [http-nio-8080-exec-7] c.e.s.advice.MyAuthenticationEntryPoint  : 
HttpServletResponse.SC_UNAUTHORIZED, Authentication Failed
 {exception=Full authentication is required to access this resource, timestamp=Mon Jun 27 14:39:54 AST 2022}
2022-06-27 14:43:01.737 ERROR 48630 --- [http-nio-8080-exec-9] c.e.s.advice.MyAuthenticationEntryPoint  : 
HttpServletResponse.SC_UNAUTHORIZED, Authentication Failed
 {exception=Full authentication is required to access this resource, timestamp=Mon Jun 27 14:43:01 AST 2022}
2022-06-27 14:43:02.077 ERROR 48630 --- [http-nio-8080-exec-3] c.e.s.advice.MyAuthenticationEntryPoint  : 
HttpServletResponse.SC_UNAUTHORIZED, Authentication Failed
 {exception=Full authentication is required to access this resource, timestamp=Mon Jun 27 14:43:02 AST 2022}
2022-06-27 14:43:02.091 ERROR 48630 --- [http-nio-8080-exec-1] c.e.s.advice.MyAuthenticationEntryPoint  : 
HttpServletResponse.SC_UNAUTHORIZED, Authentication Failed
 {exception=Full authentication is required to access this resource, timestamp=Mon Jun 27 14:43:02 AST 2022}
2022-06-27 14:53:29.993 ERROR 48630 --- [http-nio-8080-exec-9] c.e.s.advice.MyAuthenticationEntryPoint  : 
HttpServletResponse.SC_UNAUTHORIZED, Authentication Failed
 {exception=Full authentication is required to access this resource, timestamp=Mon Jun 27 14:53:29 AST 2022}
2022-06-27 14:53:30.354 ERROR 48630 --- [http-nio-8080-exec-3] c.e.s.advice.MyAuthenticationEntryPoint  : 
HttpServletResponse.SC_UNAUTHORIZED, Authentication Failed
 {exception=Full authentication is required to access this resource, timestamp=Mon Jun 27 14:53:30 AST 2022}
2022-06-27 14:53:30.382 ERROR 48630 --- [http-nio-8080-exec-1] c.e.s.advice.MyAuthenticationEntryPoint  : 
HttpServletResponse.SC_UNAUTHORIZED, Authentication Failed
 {exception=Full authentication is required to access this resource, timestamp=Mon Jun 27 14:53:30 AST 2022}
2022-06-27 14:53:30.926 ERROR 48630 --- [http-nio-8080-exec-2] c.e.s.advice.MyAuthenticationEntryPoint  : 
HttpServletResponse.SC_UNAUTHORIZED, Authentication Failed
 {exception=Full authentication is required to access this resource, timestamp=Mon Jun 27 14:53:30 AST 2022}
2022-06-27 14:53:30.935 ERROR 48630 --- [http-nio-8080-exec-4] c.e.s.advice.MyAuthenticationEntryPoint  : 
HttpServletResponse.SC_UNAUTHORIZED, Authentication Failed
 {exception=Full authentication is required to access this resource, timestamp=Mon Jun 27 14:53:30 AST 2022}
2022-06-27 14:53:48.333 ERROR 48630 --- [http-nio-8080-exec-5] c.e.s.advice.MyAuthenticationEntryPoint  : 
HttpServletResponse.SC_UNAUTHORIZED, Authentication Failed
 {exception=Full authentication is required to access this resource, timestamp=Mon Jun 27 14:53:48 AST 2022}
2022-06-27 14:54:19.247 ERROR 48630 --- [http-nio-8080-exec-6] c.e.s.advice.MyAuthenticationEntryPoint  : 
HttpServletResponse.SC_UNAUTHORIZED, Authentication Failed
 {exception=Full authentication is required to access this resource, timestamp=Mon Jun 27 14:54:19 AST 2022}
2022-06-27 14:54:19.247 ERROR 48630 --- [http-nio-8080-exec-7] c.e.s.advice.MyAuthenticationEntryPoint  : 
HttpServletResponse.SC_UNAUTHORIZED, Authentication Failed
 {exception=Full authentication is required to access this resource, timestamp=Mon Jun 27 14:54:19 AST 2022}
2022-06-27 14:54:25.816 ERROR 48630 --- [http-nio-8080-exec-8] c.e.s.advice.MyAuthenticationEntryPoint  : 
HttpServletResponse.SC_UNAUTHORIZED, Authentication Failed
 {exception=Full authentication is required to access this resource, timestamp=Mon Jun 27 14:54:25 AST 2022}
2022-06-27 14:55:05.877 ERROR 48630 --- [http-nio-8080-exec-10] c.e.s.advice.MyAuthenticationEntryPoint  : 
HttpServletResponse.SC_UNAUTHORIZED, Authentication Failed
 {exception=Full authentication is required to access this resource, timestamp=Mon Jun 27 14:55:05 AST 2022}
2022-06-27 14:55:13.851 ERROR 48630 --- [http-nio-8080-exec-9] c.e.s.advice.MyAuthenticationEntryPoint  : 
HttpServletResponse.SC_UNAUTHORIZED, Authentication Failed
 {exception=Full authentication is required to access this resource, timestamp=Mon Jun 27 14:55:13 AST 2022}
2022-06-27 14:55:50.829 ERROR 48630 --- [http-nio-8080-exec-3] c.e.s.advice.MyAuthenticationEntryPoint  : 
HttpServletResponse.SC_UNAUTHORIZED, Authentication Failed
 {exception=Full authentication is required to access this resource, timestamp=Mon Jun 27 14:55:50 AST 2022}
2022-06-27 14:56:02.122 ERROR 48630 --- [http-nio-8080-exec-1] c.e.s.advice.MyAuthenticationEntryPoint  : 
HttpServletResponse.SC_UNAUTHORIZED, Authentication Failed
 {exception=Full authentication is required to access this resource, timestamp=Mon Jun 27 14:56:02 AST 2022}
2022-06-27 14:56:11.032 ERROR 48630 --- [http-nio-8080-exec-2] c.e.s.advice.MyAuthenticationEntryPoint  : 
HttpServletResponse.SC_UNAUTHORIZED, Authentication Failed
 {exception=Full authentication is required to access this resource, timestamp=Mon Jun 27 14:56:11 AST 2022}
2022-06-27 14:56:11.098 ERROR 48630 --- [http-nio-8080-exec-4] c.e.s.advice.MyAuthenticationEntryPoint  : 
HttpServletResponse.SC_UNAUTHORIZED, Authentication Failed
 {exception=Full authentication is required to access this resource, timestamp=Mon Jun 27 14:56:11 AST 2022}
2022-06-27 14:56:11.099 ERROR 48630 --- [http-nio-8080-exec-5] c.e.s.advice.MyAuthenticationEntryPoint  : 
HttpServletResponse.SC_UNAUTHORIZED, Authentication Failed
 {exception=Full authentication is required to access this resource, timestamp=Mon Jun 27 14:56:11 AST 2022}
2022-06-27 14:56:11.147 ERROR 48630 --- [http-nio-8080-exec-6] c.e.s.advice.MyAuthenticationEntryPoint  : 
HttpServletResponse.SC_UNAUTHORIZED, Authentication Failed
 {exception=Full authentication is required to access this resource, timestamp=Mon Jun 27 14:56:11 AST 2022}
2022-06-27 14:56:11.178 ERROR 48630 --- [http-nio-8080-exec-7] c.e.s.advice.MyAuthenticationEntryPoint  : 
HttpServletResponse.SC_UNAUTHORIZED, Authentication Failed
 {exception=Full authentication is required to access this resource, timestamp=Mon Jun 27 14:56:11 AST 2022}
2022-06-27 14:56:18.706 ERROR 48630 --- [http-nio-8080-exec-8] c.e.s.advice.MyAuthenticationEntryPoint  : 
HttpServletResponse.SC_UNAUTHORIZED, Authentication Failed
 {exception=Full authentication is required to access this resource, timestamp=Mon Jun 27 14:56:18 AST 2022}
2022-06-27 14:56:24.724 ERROR 48630 --- [http-nio-8080-exec-10] c.e.s.advice.MyAuthenticationEntryPoint  : 
HttpServletResponse.SC_UNAUTHORIZED, Authentication Failed
 {exception=Full authentication is required to access this resource, timestamp=Mon Jun 27 14:56:24 AST 2022}
2022-06-27 14:56:27.509 ERROR 48630 --- [http-nio-8080-exec-9] c.e.s.advice.MyAuthenticationEntryPoint  : 
HttpServletResponse.SC_UNAUTHORIZED, Authentication Failed
 {exception=Full authentication is required to access this resource, timestamp=Mon Jun 27 14:56:27 AST 2022}
2022-06-27 14:56:27.516 ERROR 48630 --- [http-nio-8080-exec-3] c.e.s.advice.MyAuthenticationEntryPoint  : 
HttpServletResponse.SC_UNAUTHORIZED, Authentication Failed
 {exception=Full authentication is required to access this resource, timestamp=Mon Jun 27 14:56:27 AST 2022}
2022-06-27 14:56:27.525 ERROR 48630 --- [http-nio-8080-exec-1] c.e.s.advice.MyAuthenticationEntryPoint  : 
HttpServletResponse.SC_UNAUTHORIZED, Authentication Failed
 {exception=Full authentication is required to access this resource, timestamp=Mon Jun 27 14:56:27 AST 2022}
2022-06-27 14:56:27.571 ERROR 48630 --- [http-nio-8080-exec-2] c.e.s.advice.MyAuthenticationEntryPoint  : 
HttpServletResponse.SC_UNAUTHORIZED, Authentication Failed
 {exception=Full authentication is required to access this resource, timestamp=Mon Jun 27 14:56:27 AST 2022}
2022-06-27 14:56:27.573 ERROR 48630 --- [http-nio-8080-exec-4] c.e.s.advice.MyAuthenticationEntryPoint  : 
HttpServletResponse.SC_UNAUTHORIZED, Authentication Failed
 {exception=Full authentication is required to access this resource, timestamp=Mon Jun 27 14:56:27 AST 2022}
2022-06-27 14:56:47.756 ERROR 48630 --- [http-nio-8080-exec-5] c.e.s.advice.MyAuthenticationEntryPoint  : 
HttpServletResponse.SC_UNAUTHORIZED, Authentication Failed
 {exception=Full authentication is required to access this resource, timestamp=Mon Jun 27 14:56:47 AST 2022}
2022-06-27 14:56:47.756 ERROR 48630 --- [http-nio-8080-exec-6] c.e.s.advice.MyAuthenticationEntryPoint  : 
HttpServletResponse.SC_UNAUTHORIZED, Authentication Failed
 {exception=Full authentication is required to access this resource, timestamp=Mon Jun 27 14:56:47 AST 2022}
2022-06-27 14:56:47.801 ERROR 48630 --- [http-nio-8080-exec-7] c.e.s.advice.MyAuthenticationEntryPoint  : 
HttpServletResponse.SC_UNAUTHORIZED, Authentication Failed
 {exception=Full authentication is required to access this resource, timestamp=Mon Jun 27 14:56:47 AST 2022}
2022-06-27 14:56:47.802 ERROR 48630 --- [http-nio-8080-exec-8] c.e.s.advice.MyAuthenticationEntryPoint  : 
HttpServletResponse.SC_UNAUTHORIZED, Authentication Failed
 {exception=Full authentication is required to access this resource, timestamp=Mon Jun 27 14:56:47 AST 2022}
2022-06-27 14:56:49.729 ERROR 48630 --- [http-nio-8080-exec-9] c.e.s.advice.MyAuthenticationEntryPoint  : 
HttpServletResponse.SC_UNAUTHORIZED, Authentication Failed
 {exception=Full authentication is required to access this resource, timestamp=Mon Jun 27 14:56:49 AST 2022}
2022-06-27 14:56:49.729 ERROR 48630 --- [http-nio-8080-exec-10] c.e.s.advice.MyAuthenticationEntryPoint  : 
HttpServletResponse.SC_UNAUTHORIZED, Authentication Failed
 {exception=Full authentication is required to access this resource, timestamp=Mon Jun 27 14:56:49 AST 2022}
2022-06-27 14:56:49.814 ERROR 48630 --- [http-nio-8080-exec-3] c.e.s.advice.MyAuthenticationEntryPoint  : 
HttpServletResponse.SC_UNAUTHORIZED, Authentication Failed
 {exception=Full authentication is required to access this resource, timestamp=Mon Jun 27 14:56:49 AST 2022}
2022-06-27 14:56:49.816 ERROR 48630 --- [http-nio-8080-exec-1] c.e.s.advice.MyAuthenticationEntryPoint  : 
HttpServletResponse.SC_UNAUTHORIZED, Authentication Failed
 {exception=Full authentication is required to access this resource, timestamp=Mon Jun 27 14:56:49 AST 2022}
2022-06-27 14:57:10.590 ERROR 48630 --- [http-nio-8080-exec-6] c.e.s.advice.MyAuthenticationEntryPoint  : 
HttpServletResponse.SC_UNAUTHORIZED, Authentication Failed
 {exception=Full authentication is required to access this resource, timestamp=Mon Jun 27 14:57:10 AST 2022}
2022-06-27 14:57:10.590 ERROR 48630 --- [http-nio-8080-exec-4] c.e.s.advice.MyAuthenticationEntryPoint  : 
HttpServletResponse.SC_UNAUTHORIZED, Authentication Failed
 {exception=Full authentication is required to access this resource, timestamp=Mon Jun 27 14:57:10 AST 2022}
2022-06-27 14:57:10.590 ERROR 48630 --- [http-nio-8080-exec-2] c.e.s.advice.MyAuthenticationEntryPoint  : 
HttpServletResponse.SC_UNAUTHORIZED, Authentication Failed
 {exception=Full authentication is required to access this resource, timestamp=Mon Jun 27 14:57:10 AST 2022}
2022-06-27 14:57:10.592 ERROR 48630 --- [http-nio-8080-exec-5] c.e.s.advice.MyAuthenticationEntryPoint  : 
HttpServletResponse.SC_UNAUTHORIZED, Authentication Failed
 {exception=Full authentication is required to access this resource, timestamp=Mon Jun 27 14:57:10 AST 2022}
2022-06-27 14:57:16.085 ERROR 48630 --- [http-nio-8080-exec-7] c.e.s.advice.MyAuthenticationEntryPoint  : 
HttpServletResponse.SC_UNAUTHORIZED, Authentication Failed
 {exception=Full authentication is required to access this resource, timestamp=Mon Jun 27 14:57:16 AST 2022}
2022-06-27 14:57:16.085 ERROR 48630 --- [http-nio-8080-exec-8] c.e.s.advice.MyAuthenticationEntryPoint  : 
HttpServletResponse.SC_UNAUTHORIZED, Authentication Failed
 {exception=Full authentication is required to access this resource, timestamp=Mon Jun 27 14:57:16 AST 2022}
2022-06-27 14:57:16.120 ERROR 48630 --- [http-nio-8080-exec-9] c.e.s.advice.MyAuthenticationEntryPoint  : 
HttpServletResponse.SC_UNAUTHORIZED, Authentication Failed
 {exception=Full authentication is required to access this resource, timestamp=Mon Jun 27 14:57:16 AST 2022}
2022-06-27 14:57:16.123 ERROR 48630 --- [http-nio-8080-exec-10] c.e.s.advice.MyAuthenticationEntryPoint  : 
HttpServletResponse.SC_UNAUTHORIZED, Authentication Failed
 {exception=Full authentication is required to access this resource, timestamp=Mon Jun 27 14:57:16 AST 2022}
2022-06-27 14:57:22.200 ERROR 48630 --- [http-nio-8080-exec-1] c.e.s.advice.MyAuthenticationEntryPoint  : 
HttpServletResponse.SC_UNAUTHORIZED, Authentication Failed
 {exception=Full authentication is required to access this resource, timestamp=Mon Jun 27 14:57:22 AST 2022}
2022-06-27 14:57:22.200 ERROR 48630 --- [http-nio-8080-exec-3] c.e.s.advice.MyAuthenticationEntryPoint  : 
HttpServletResponse.SC_UNAUTHORIZED, Authentication Failed
 {exception=Full authentication is required to access this resource, timestamp=Mon Jun 27 14:57:22 AST 2022}
2022-06-27 14:57:22.234 ERROR 48630 --- [http-nio-8080-exec-4] c.e.s.advice.MyAuthenticationEntryPoint  : 
HttpServletResponse.SC_UNAUTHORIZED, Authentication Failed
 {exception=Full authentication is required to access this resource, timestamp=Mon Jun 27 14:57:22 AST 2022}
2022-06-27 14:57:22.238 ERROR 48630 --- [http-nio-8080-exec-6] c.e.s.advice.MyAuthenticationEntryPoint  : 
HttpServletResponse.SC_UNAUTHORIZED, Authentication Failed
 {exception=Full authentication is required to access this resource, timestamp=Mon Jun 27 14:57:22 AST 2022}
2022-06-27 14:58:58.059 ERROR 48630 --- [http-nio-8080-exec-5] c.e.s.advice.MyAuthenticationEntryPoint  : 
HttpServletResponse.SC_UNAUTHORIZED, Authentication Failed
 {exception=Full authentication is required to access this resource, timestamp=Mon Jun 27 14:58:58 AST 2022}
2022-06-27 14:59:18.913 ERROR 48630 --- [http-nio-8080-exec-2] c.e.s.advice.MyAuthenticationEntryPoint  : 
HttpServletResponse.SC_UNAUTHORIZED, Authentication Failed
 {exception=Full authentication is required to access this resource, timestamp=Mon Jun 27 14:59:18 AST 2022}
2022-06-27 14:59:23.903 ERROR 48630 --- [http-nio-8080-exec-7] c.e.s.advice.MyAuthenticationEntryPoint  : 
HttpServletResponse.SC_UNAUTHORIZED, Authentication Failed
 {exception=Full authentication is required to access this resource, timestamp=Mon Jun 27 14:59:23 AST 2022}
2022-06-27 14:59:27.841 ERROR 48630 --- [http-nio-8080-exec-8] c.e.s.advice.MyAuthenticationEntryPoint  : 
HttpServletResponse.SC_UNAUTHORIZED, Authentication Failed
 {exception=Full authentication is required to access this resource, timestamp=Mon Jun 27 14:59:27 AST 2022}
2022-06-27 14:59:35.671 ERROR 48630 --- [http-nio-8080-exec-9] c.e.s.advice.MyAuthenticationEntryPoint  : 
HttpServletResponse.SC_UNAUTHORIZED, Authentication Failed
 {exception=Full authentication is required to access this resource, timestamp=Mon Jun 27 14:59:35 AST 2022}
2022-06-27 14:59:37.738 ERROR 48630 --- [http-nio-8080-exec-10] c.e.s.advice.MyAuthenticationEntryPoint  : 
HttpServletResponse.SC_UNAUTHORIZED, Authentication Failed
 {exception=Full authentication is required to access this resource, timestamp=Mon Jun 27 14:59:37 AST 2022}
2022-06-27 14:59:40.220 ERROR 48630 --- [http-nio-8080-exec-3] c.e.s.advice.MyAuthenticationEntryPoint  : 
HttpServletResponse.SC_UNAUTHORIZED, Authentication Failed
 {exception=Full authentication is required to access this resource, timestamp=Mon Jun 27 14:59:40 AST 2022}
2022-06-27 14:59:40.220 ERROR 48630 --- [http-nio-8080-exec-1] c.e.s.advice.MyAuthenticationEntryPoint  : 
HttpServletResponse.SC_UNAUTHORIZED, Authentication Failed
 {exception=Full authentication is required to access this resource, timestamp=Mon Jun 27 14:59:40 AST 2022}
2022-06-27 14:59:40.253 ERROR 48630 --- [http-nio-8080-exec-6] c.e.s.advice.MyAuthenticationEntryPoint  : 
HttpServletResponse.SC_UNAUTHORIZED, Authentication Failed
 {exception=Full authentication is required to access this resource, timestamp=Mon Jun 27 14:59:40 AST 2022}
2022-06-27 14:59:40.262 ERROR 48630 --- [http-nio-8080-exec-4] c.e.s.advice.MyAuthenticationEntryPoint  : 
HttpServletResponse.SC_UNAUTHORIZED, Authentication Failed
 {exception=Full authentication is required to access this resource, timestamp=Mon Jun 27 14:59:40 AST 2022}
2022-06-27 15:00:42.698 ERROR 48630 --- [http-nio-8080-exec-5] c.e.s.advice.MyAuthenticationEntryPoint  : 
HttpServletResponse.SC_UNAUTHORIZED, Authentication Failed
 {exception=Full authentication is required to access this resource, timestamp=Mon Jun 27 15:00:42 AST 2022}
2022-06-27 15:00:45.710 ERROR 48630 --- [http-nio-8080-exec-2] c.e.s.advice.MyAuthenticationEntryPoint  : 
HttpServletResponse.SC_UNAUTHORIZED, Authentication Failed
 {exception=Full authentication is required to access this resource, timestamp=Mon Jun 27 15:00:45 AST 2022}
2022-06-27 15:00:45.710 ERROR 48630 --- [http-nio-8080-exec-7] c.e.s.advice.MyAuthenticationEntryPoint  : 
HttpServletResponse.SC_UNAUTHORIZED, Authentication Failed
 {exception=Full authentication is required to access this resource, timestamp=Mon Jun 27 15:00:45 AST 2022}
2022-06-27 15:00:45.759 ERROR 48630 --- [http-nio-8080-exec-8] c.e.s.advice.MyAuthenticationEntryPoint  : 
HttpServletResponse.SC_UNAUTHORIZED, Authentication Failed
 {exception=Full authentication is required to access this resource, timestamp=Mon Jun 27 15:00:45 AST 2022}
2022-06-27 15:00:45.761 ERROR 48630 --- [http-nio-8080-exec-9] c.e.s.advice.MyAuthenticationEntryPoint  : 
HttpServletResponse.SC_UNAUTHORIZED, Authentication Failed
 {exception=Full authentication is required to access this resource, timestamp=Mon Jun 27 15:00:45 AST 2022}
2022-06-27 15:01:22.811 ERROR 48630 --- [http-nio-8080-exec-10] c.e.s.advice.MyAuthenticationEntryPoint  : 
HttpServletResponse.SC_UNAUTHORIZED, Authentication Failed
 {exception=Full authentication is required to access this resource, timestamp=Mon Jun 27 15:01:22 AST 2022}
2022-06-27 15:01:22.811 ERROR 48630 --- [http-nio-8080-exec-3] c.e.s.advice.MyAuthenticationEntryPoint  : 
HttpServletResponse.SC_UNAUTHORIZED, Authentication Failed
 {exception=Full authentication is required to access this resource, timestamp=Mon Jun 27 15:01:22 AST 2022}
2022-06-27 15:01:37.880 ERROR 48630 --- [http-nio-8080-exec-1] c.e.s.advice.MyAuthenticationEntryPoint  : 
HttpServletResponse.SC_UNAUTHORIZED, Authentication Failed
 {exception=Full authentication is required to access this resource, timestamp=Mon Jun 27 15:01:37 AST 2022}
2022-06-27 15:01:37.880 ERROR 48630 --- [http-nio-8080-exec-6] c.e.s.advice.MyAuthenticationEntryPoint  : 
HttpServletResponse.SC_UNAUTHORIZED, Authentication Failed
 {exception=Full authentication is required to access this resource, timestamp=Mon Jun 27 15:01:37 AST 2022}
2022-06-27 15:01:50.516 ERROR 48630 --- [http-nio-8080-exec-4] c.e.s.advice.MyAuthenticationEntryPoint  : 
HttpServletResponse.SC_UNAUTHORIZED, Authentication Failed
 {exception=Full authentication is required to access this resource, timestamp=Mon Jun 27 15:01:50 AST 2022}
2022-06-27 15:01:50.516 ERROR 48630 --- [http-nio-8080-exec-5] c.e.s.advice.MyAuthenticationEntryPoint  : 
HttpServletResponse.SC_UNAUTHORIZED, Authentication Failed
 {exception=Full authentication is required to access this resource, timestamp=Mon Jun 27 15:01:50 AST 2022}
2022-06-27 15:01:51.886 ERROR 48630 --- [http-nio-8080-exec-2] c.e.s.advice.MyAuthenticationEntryPoint  : 
HttpServletResponse.SC_UNAUTHORIZED, Authentication Failed
 {exception=Full authentication is required to access this resource, timestamp=Mon Jun 27 15:01:51 AST 2022}
2022-06-27 15:01:51.886 ERROR 48630 --- [http-nio-8080-exec-7] c.e.s.advice.MyAuthenticationEntryPoint  : 
HttpServletResponse.SC_UNAUTHORIZED, Authentication Failed
 {exception=Full authentication is required to access this resource, timestamp=Mon Jun 27 15:01:51 AST 2022}
2022-06-27 15:02:30.144 ERROR 48630 --- [http-nio-8080-exec-8] c.e.s.advice.MyAuthenticationEntryPoint  : 
HttpServletResponse.SC_UNAUTHORIZED, Authentication Failed
 {exception=Full authentication is required to access this resource, timestamp=Mon Jun 27 15:02:30 AST 2022}
2022-06-27 15:02:38.825 ERROR 48630 --- [http-nio-8080-exec-9] c.e.s.advice.MyAuthenticationEntryPoint  : 
HttpServletResponse.SC_UNAUTHORIZED, Authentication Failed
 {exception=Full authentication is required to access this resource, timestamp=Mon Jun 27 15:02:38 AST 2022}
2022-06-27 15:02:47.614 ERROR 48630 --- [http-nio-8080-exec-3] c.e.s.advice.MyAuthenticationEntryPoint  : 
HttpServletResponse.SC_UNAUTHORIZED, Authentication Failed
 {exception=Full authentication is required to access this resource, timestamp=Mon Jun 27 15:02:47 AST 2022}
2022-06-27 15:03:01.967 ERROR 48630 --- [http-nio-8080-exec-10] c.e.s.advice.MyAuthenticationEntryPoint  : 
HttpServletResponse.SC_UNAUTHORIZED, Authentication Failed
 {exception=Full authentication is required to access this resource, timestamp=Mon Jun 27 15:03:01 AST 2022}
2022-06-27 15:03:20.413 ERROR 48630 --- [http-nio-8080-exec-6] c.e.s.advice.MyAuthenticationEntryPoint  : 
HttpServletResponse.SC_UNAUTHORIZED, Authentication Failed
 {exception=Full authentication is required to access this resource, timestamp=Mon Jun 27 15:03:20 AST 2022}
2022-06-27 15:03:20.419 ERROR 48630 --- [http-nio-8080-exec-1] c.e.s.advice.MyAuthenticationEntryPoint  : 
HttpServletResponse.SC_UNAUTHORIZED, Authentication Failed
 {exception=Full authentication is required to access this resource, timestamp=Mon Jun 27 15:03:20 AST 2022}
2022-06-27 15:03:22.521 ERROR 48630 --- [http-nio-8080-exec-5] c.e.s.advice.MyAuthenticationEntryPoint  : 
HttpServletResponse.SC_UNAUTHORIZED, Authentication Failed
 {exception=Full authentication is required to access this resource, timestamp=Mon Jun 27 15:03:22 AST 2022}
2022-06-27 15:03:46.688 ERROR 48630 --- [http-nio-8080-exec-4] c.e.s.advice.MyAuthenticationEntryPoint  : 
HttpServletResponse.SC_UNAUTHORIZED, Authentication Failed
 {exception=Full authentication is required to access this resource, timestamp=Mon Jun 27 15:03:46 AST 2022}
2022-06-27 15:03:48.043 ERROR 48630 --- [http-nio-8080-exec-7] c.e.s.advice.MyAuthenticationEntryPoint  : 
HttpServletResponse.SC_UNAUTHORIZED, Authentication Failed
 {exception=Full authentication is required to access this resource, timestamp=Mon Jun 27 15:03:48 AST 2022}
2022-06-27 15:03:50.502 ERROR 48630 --- [http-nio-8080-exec-2] c.e.s.advice.MyAuthenticationEntryPoint  : 
HttpServletResponse.SC_UNAUTHORIZED, Authentication Failed
 {exception=Full authentication is required to access this resource, timestamp=Mon Jun 27 15:03:50 AST 2022}
2022-06-27 15:03:50.519 ERROR 48630 --- [http-nio-8080-exec-8] c.e.s.advice.MyAuthenticationEntryPoint  : 
HttpServletResponse.SC_UNAUTHORIZED, Authentication Failed
 {exception=Full authentication is required to access this resource, timestamp=Mon Jun 27 15:03:50 AST 2022}
2022-06-27 15:15:25.168 ERROR 48630 --- [http-nio-8080-exec-3] c.e.s.advice.MyAuthenticationEntryPoint  : 
HttpServletResponse.SC_UNAUTHORIZED, Authentication Failed
 {exception=Full authentication is required to access this resource, timestamp=Mon Jun 27 15:15:25 AST 2022}
2022-06-27 15:15:25.168 ERROR 48630 --- [http-nio-8080-exec-9] c.e.s.advice.MyAuthenticationEntryPoint  : 
HttpServletResponse.SC_UNAUTHORIZED, Authentication Failed
 {exception=Full authentication is required to access this resource, timestamp=Mon Jun 27 15:15:25 AST 2022}
2022-06-27 15:18:37.792 ERROR 48630 --- [http-nio-8080-exec-10] c.e.s.advice.MyAuthenticationEntryPoint  : 
HttpServletResponse.SC_UNAUTHORIZED, Authentication Failed
 {exception=Full authentication is required to access this resource, timestamp=Mon Jun 27 15:18:37 AST 2022}
2022-06-27 15:19:22.355 ERROR 48630 --- [http-nio-8080-exec-6] c.e.s.advice.MyAuthenticationEntryPoint  : 
HttpServletResponse.SC_UNAUTHORIZED, Authentication Failed
 {exception=Full authentication is required to access this resource, timestamp=Mon Jun 27 15:19:22 AST 2022}
2022-06-27 15:19:22.361 ERROR 48630 --- [http-nio-8080-exec-1] c.e.s.advice.MyAuthenticationEntryPoint  : 
HttpServletResponse.SC_UNAUTHORIZED, Authentication Failed
 {exception=Full authentication is required to access this resource, timestamp=Mon Jun 27 15:19:22 AST 2022}
2022-06-27 15:20:54.794 ERROR 48630 --- [http-nio-8080-exec-5] c.e.s.advice.MyAuthenticationEntryPoint  : 
HttpServletResponse.SC_UNAUTHORIZED, Authentication Failed
 {exception=Full authentication is required to access this resource, timestamp=Mon Jun 27 15:20:54 AST 2022}
2022-06-27 15:20:54.794 ERROR 48630 --- [http-nio-8080-exec-4] c.e.s.advice.MyAuthenticationEntryPoint  : 
HttpServletResponse.SC_UNAUTHORIZED, Authentication Failed
 {exception=Full authentication is required to access this resource, timestamp=Mon Jun 27 15:20:54 AST 2022}
2022-06-27 15:22:36.069 ERROR 48630 --- [http-nio-8080-exec-7] c.e.s.advice.MyAuthenticationEntryPoint  : 
HttpServletResponse.SC_UNAUTHORIZED, Authentication Failed
 {exception=Full authentication is required to access this resource, timestamp=Mon Jun 27 15:22:36 AST 2022}
2022-06-27 15:22:36.069 ERROR 48630 --- [http-nio-8080-exec-2] c.e.s.advice.MyAuthenticationEntryPoint  : 
HttpServletResponse.SC_UNAUTHORIZED, Authentication Failed
 {exception=Full authentication is required to access this resource, timestamp=Mon Jun 27 15:22:36 AST 2022}
2022-06-27 15:25:05.864 ERROR 48630 --- [http-nio-8080-exec-8] c.e.s.advice.MyAuthenticationEntryPoint  : 
HttpServletResponse.SC_UNAUTHORIZED, Authentication Failed
 {exception=Full authentication is required to access this resource, timestamp=Mon Jun 27 15:25:05 AST 2022}
2022-06-27 15:25:05.864 ERROR 48630 --- [http-nio-8080-exec-9] c.e.s.advice.MyAuthenticationEntryPoint  : 
HttpServletResponse.SC_UNAUTHORIZED, Authentication Failed
 {exception=Full authentication is required to access this resource, timestamp=Mon Jun 27 15:25:05 AST 2022}
2022-06-27 15:26:20.485 ERROR 48630 --- [http-nio-8080-exec-10] c.e.s.advice.MyAuthenticationEntryPoint  : 
HttpServletResponse.SC_UNAUTHORIZED, Authentication Failed
 {exception=Full authentication is required to access this resource, timestamp=Mon Jun 27 15:26:20 AST 2022}
2022-06-27 15:26:20.502 ERROR 48630 --- [http-nio-8080-exec-3] c.e.s.advice.MyAuthenticationEntryPoint  : 
HttpServletResponse.SC_UNAUTHORIZED, Authentication Failed
 {exception=Full authentication is required to access this resource, timestamp=Mon Jun 27 15:26:20 AST 2022}
2022-06-27 15:26:49.819 ERROR 48630 --- [http-nio-8080-exec-1] c.e.s.advice.MyAuthenticationEntryPoint  : 
HttpServletResponse.SC_UNAUTHORIZED, Authentication Failed
 {exception=Full authentication is required to access this resource, timestamp=Mon Jun 27 15:26:49 AST 2022}
2022-06-27 15:27:00.839 ERROR 48630 --- [http-nio-8080-exec-6] c.e.s.advice.MyAuthenticationEntryPoint  : 
HttpServletResponse.SC_UNAUTHORIZED, Authentication Failed
 {exception=Full authentication is required to access this resource, timestamp=Mon Jun 27 15:27:00 AST 2022}
2022-06-27 15:27:00.839 ERROR 48630 --- [http-nio-8080-exec-4] c.e.s.advice.MyAuthenticationEntryPoint  : 
HttpServletResponse.SC_UNAUTHORIZED, Authentication Failed
 {exception=Full authentication is required to access this resource, timestamp=Mon Jun 27 15:27:00 AST 2022}
2022-06-27 15:35:45.762 ERROR 48630 --- [http-nio-8080-exec-9] c.e.s.advice.MyAuthenticationEntryPoint  : 
HttpServletResponse.SC_UNAUTHORIZED, Authentication Failed
 {exception=Full authentication is required to access this resource, timestamp=Mon Jun 27 15:35:45 AST 2022}
2022-06-27 15:35:50.235 ERROR 48630 --- [http-nio-8080-exec-3] c.e.s.advice.MyAuthenticationEntryPoint  : 
HttpServletResponse.SC_UNAUTHORIZED, Authentication Failed
 {exception=Full authentication is required to access this resource, timestamp=Mon Jun 27 15:35:50 AST 2022}
2022-06-27 15:35:55.006 ERROR 48630 --- [http-nio-8080-exec-10] c.e.s.advice.MyAuthenticationEntryPoint  : 
HttpServletResponse.SC_UNAUTHORIZED, Authentication Failed
 {exception=Full authentication is required to access this resource, timestamp=Mon Jun 27 15:35:54 AST 2022}
2022-06-27 15:36:49.061 ERROR 48630 --- [http-nio-8080-exec-5] c.e.s.advice.MyAuthenticationEntryPoint  : 
HttpServletResponse.SC_UNAUTHORIZED, Authentication Failed
 {exception=Full authentication is required to access this resource, timestamp=Mon Jun 27 15:36:49 AST 2022}
2022-06-27 15:36:52.513 ERROR 48630 --- [http-nio-8080-exec-7] c.e.s.advice.MyAuthenticationEntryPoint  : 
HttpServletResponse.SC_UNAUTHORIZED, Authentication Failed
 {exception=Full authentication is required to access this resource, timestamp=Mon Jun 27 15:36:52 AST 2022}
